2023-09-10 09:36:51,172 =============================================================
2023-09-10 09:36:51,172 =============================================================
2023-09-10 09:36:51,173 Today is 2023-09-10 at 09:36 AM
2023-09-10 09:36:51,285 This file is running on: nt Windows 10
2023-09-10 09:36:51,285 The Python version is: 3.11.4
2023-09-10 09:36:51,286 The active conda environment is:  None
2023-09-10 09:36:51,286 The active pip environment is:    None
2023-09-10 09:36:51,286 The active environment path is:   C:\Users\sshre\AppData\Local\Programs\Python\Python311
2023-09-10 09:36:51,287 The current working directory is: C:\Users\sshre\OneDrive\Desktop\FOLDER\datafun-03-datatypes
2023-09-10 09:36:51,287 This source file is in:           c:\Users\sshre\OneDrive\Desktop\FOLDER\datafun-03-datatypes
2023-09-10 09:36:51,287 =============================================================
2023-09-10 09:36:51,287 =============================================================
2023-09-10 09:36:51,288 Average goals per game: 2
2023-09-10 09:36:51,295 Mean: 30
2023-09-10 09:36:51,296 Median: 30
2023-09-10 09:36:51,296 Mode: 20
2023-09-10 09:36:51,296 Standard Deviation: 3
2023-09-10 09:36:51,296 Variance: 9
2023-09-10 09:36:51,297 =============================================================
2023-09-10 09:36:51,297 =============================================================
2023-09-10 09:36:51,298 Today is 2023-09-10 at 09:36 AM
2023-09-10 09:36:51,299 This file is running on: nt Windows 10
2023-09-10 09:36:51,299 The Python version is: 3.11.4
2023-09-10 09:36:51,299 The active conda environment is:  None
2023-09-10 09:36:51,300 The active pip environment is:    None
2023-09-10 09:36:51,300 The active environment path is:   C:\Users\sshre\AppData\Local\Programs\Python\Python311
2023-09-10 09:36:51,300 The current working directory is: C:\Users\sshre\OneDrive\Desktop\FOLDER\datafun-03-datatypes
2023-09-10 09:36:51,300 This source file is in:           c:\Users\sshre\OneDrive\Desktop\FOLDER\datafun-03-datatypes
2023-09-10 09:36:51,301 =============================================================
2023-09-10 09:36:51,301 =============================================================
2023-09-10 09:36:51,302 Correlation between x and y: 0.9950714069802489
2023-09-10 09:36:51,302 The equation of the best fit line is: y = 1.003030303030303x + 1.4363636363636365
2023-09-10 09:36:51,303 Predicted y value at future time 15: 16.48181818181818
2023-09-10 09:36:51,303 Minimum value: 20
2023-09-10 09:36:51,304 Maximum value: 40
2023-09-10 09:36:51,304 Length of list: 21
2023-09-10 09:36:51,305 Sum of all values: 630
2023-09-10 09:36:51,305 Average of all values: 30.0
2023-09-10 09:36:51,305 Unique numbers: {20, 21, 22, 23, 24, 25, 26, 27, 28, 29, 30, 31, 32, 33, 34, 35, 36, 37, 38, 39, 40}
2023-09-10 09:36:51,306 Sorted numbers: [20, 21, 22, 23, 24, 25, 26, 27, 28, 29, 30, 31, 32, 33, 34, 35, 36, 37, 38, 39, 40]
2023-09-10 09:36:51,306 Reverse sorted numbers: [40, 39, 38, 37, 36, 35, 34, 33, 32, 31, 30, 29, 28, 27, 26, 25, 24, 23, 22, 21, 20]
2023-09-10 09:36:51,306 Minimum value: 1
2023-09-10 09:36:51,306 Maximum value: 8
2023-09-10 09:36:51,307 Length of list: 7
2023-09-10 09:36:51,307 Sum of all values: 31
2023-09-10 09:36:51,308 Average of all values: 4.428571428571429
2023-09-10 09:36:51,308 Unique numbers: {1, 2, 3, 4, 6, 7, 8}
2023-09-10 09:36:51,308 Sorted numbers: [1, 2, 3, 4, 6, 7, 8]
2023-09-10 09:36:51,308 Reverse sorted numbers: [8, 7, 6, 4, 3, 2, 1]
2023-09-10 09:36:51,309 Filtered numbers: []
2023-09-10 09:36:51,309 Even numbers: [10, 12, 14]
2023-09-10 09:36:51,310 Cubed numbers: [2.154434690031884, 2.2239800905693152, 2.2894284851066637, 2.3513346877207573, 2.4101422641752297, 2.46621207433047]
2023-09-10 09:36:51,310 Volumes: [1000.0, 1331.0, 1728.0, 2197.0, 2744.0, 3375.0]
2023-09-10 09:36:51,310 Filtered numbers: []
2023-09-10 09:36:51,311 Tripled numbers: [60, 63, 66, 69, 72, 75, 78, 81, 84, 87, 90, 93, 96, 99, 102, 105, 108, 111, 114, 117, 120]
2023-09-10 09:36:51,311 Transformed numbers: [401.0, 442.0, 485.0, 530.0, 577.0, 626.0, 677.0, 730.0, 785.0, 842.0, 901.0, 962.0, 1025.0, 1090.0, 1157.0, 1226.0, 1297.0, 1370.0, 1445.0, 1522.0, 1601.0]
